chairman and chief executive officer 
Goldman , Sachs & Co. 
Goldman , Sachs & Co 
the Dow Jones Industrial Average 
the Chicago Board of Trade 
the San Francisco Bay area 
Standard & Poor 's Corp. 
Mr. Guber and Mr. Peters 
Dow Jones Capital Markets Report 
Moody 's Investors Service Inc. 
sales of $ UNK-NUM million 
The Wall Street Journal 's 
the Securities and Exchange Commission 
revenue of $ UNK-NUM million 
Kidder , Peabody & Co. 
the end of the year 
each $ 1,000 face amount 
the New York Stock Exchange 
The Dow Jones Industrial Average 
milestones of American business history 
president and chief executive officer 
president and chief operating officer 
